[debug] [2019-10-24T00:32:13.179Z] ----------------------------------------------------------------------
[debug] [2019-10-24T00:32:13.182Z] Command:       /usr/bin/node /usr/sbin/firebase init
[debug] [2019-10-24T00:32:13.183Z] CLI Version:   7.6.1
[debug] [2019-10-24T00:32:13.183Z] Platform:      linux
[debug] [2019-10-24T00:32:13.183Z] Node Version:  v12.11.1
[debug] [2019-10-24T00:32:13.183Z] Time:          Wed Oct 23 2019 21:32:13 GMT-0300 (Brasilia Standard Time)
[debug] [2019-10-24T00:32:13.183Z] ----------------------------------------------------------------------
[debug] [2019-10-24T00:32:13.184Z] 
[debug] [2019-10-24T00:32:13.189Z] > command requires scopes: ["email","openid","https://www.googleapis.com/auth/cloudplatformprojects.readonly","https://www.googleapis.com/auth/firebase","https://www.googleapis.com/auth/cloud-platform"]
[debug] [2019-10-24T00:32:13.190Z] > authorizing via signed-in user
[info] 
     ######## #### ########  ######## ########     ###     ######  ########
     ##        ##  ##     ## ##       ##     ##  ##   ##  ##       ##
     ######    ##  ########  ######   ########  #########  ######  ######
     ##        ##  ##    ##  ##       ##     ## ##     ##       ## ##
     ##       #### ##     ## ######## ########  ##     ##  ######  ########

You're about to initialize a Firebase project in this directory:

  /run/media/bailez/Dados/Projetos e Serviços/tt-bot

Before we get started, keep in mind:

  * You are currently outside your home directory

[info] 
=== Project Setup
[info] 
[info] First, let's associate this project directory with a Firebase project.
[info] You can create multiple project aliases by running firebase use --add, 
[info] but for now we'll just set up a default project.
[info] 
[info] i  If you want to create a project in a Google Cloud organization or folder, please use "firebase projects:create" instead, and return to this command when you've created the project.
[debug] [2019-10-24T00:33:59.460Z] > refreshing access token with scopes: ["email","https://www.googleapis.com/auth/cloud-platform","https://www.googleapis.com/auth/cloudplatformprojects.readonly","https://www.googleapis.com/auth/firebase","openid"]
[debug] [2019-10-24T00:33:59.461Z] >>> HTTP REQUEST POST https://www.googleapis.com/oauth2/v3/token  
 <request body omitted>
[debug] [2019-10-24T00:34:46.528Z] Authentication Error: Your credentials are no longer valid. Please run firebase login --reauth

For CI servers and headless environments, generate a new token with firebase login:ci
[debug] [2019-10-24T00:34:46.532Z] FirebaseError: Authentication Error: Your credentials are no longer valid. Please run firebase login --reauth

For CI servers and headless environments, generate a new token with firebase login:ci
    at Object.<anonymous> (/usr/lib/node_modules/firebase-tools/lib/auth.js:23:32)
    at Module._compile (internal/modules/cjs/loader.js:945:30)
    at Object.Module._extensions..js (internal/modules/cjs/loader.js:962:10)
    at Module.load (internal/modules/cjs/loader.js:798:32)
    at Function.Module._load (internal/modules/cjs/loader.js:711:12)
    at Module.require (internal/modules/cjs/loader.js:838:19)
    at require (internal/modules/cjs/helpers.js:74:18)
    at Object.<anonymous> (/usr/lib/node_modules/firebase-tools/lib/commands/login.js:8:12)
    at Module._compile (internal/modules/cjs/loader.js:945:30)
    at Object.Module._extensions..js (internal/modules/cjs/loader.js:962:10)
[error] 
[error] Error: Failed to create Google Cloud project. See firebase-debug.log for more info.
[debug] [2019-10-25T01:44:25.649Z] ----------------------------------------------------------------------
[debug] [2019-10-25T01:44:25.651Z] Command:       /usr/bin/node /usr/sbin/firebase init
[debug] [2019-10-25T01:44:25.651Z] CLI Version:   7.6.1
[debug] [2019-10-25T01:44:25.651Z] Platform:      linux
[debug] [2019-10-25T01:44:25.651Z] Node Version:  v12.11.1
[debug] [2019-10-25T01:44:25.652Z] Time:          Thu Oct 24 2019 22:44:25 GMT-0300 (Brasilia Standard Time)
[debug] [2019-10-25T01:44:25.652Z] ----------------------------------------------------------------------
[debug] [2019-10-25T01:44:25.652Z] 
[debug] [2019-10-25T01:44:25.666Z] > command requires scopes: ["email","openid","https://www.googleapis.com/auth/cloudplatformprojects.readonly","https://www.googleapis.com/auth/firebase","https://www.googleapis.com/auth/cloud-platform"]
[debug] [2019-10-25T01:44:25.666Z] > authorizing via signed-in user
[info] 
     ######## #### ########  ######## ########     ###     ######  ########
     ##        ##  ##     ## ##       ##     ##  ##   ##  ##       ##
     ######    ##  ########  ######   ########  #########  ######  ######
     ##        ##  ##    ##  ##       ##     ## ##     ##       ## ##
     ##       #### ##     ## ######## ########  ##     ##  ######  ########

You're about to initialize a Firebase project in this directory:

  /run/media/bailez/Dados/Projetos e Serviços/tt-bot

Before we get started, keep in mind:

  * You are currently outside your home directory

